<?xml version="1.0" encoding="UTF-8"?>
<!-- Generated by org.testng.reporters.JUnitXMLReporter -->
<testsuite ignored="1" hostname="DESKTOP-LEHG4DH" failures="0" tests="3" name="Test1" time="14.191" errors="0" timestamp="2026-05-13T14:32:32 IST">
  <testcase classname="testScripts.CheckOutStepOne_Test" name="verifyWhetherUserCanSuccessfullyCheckOutByEnteringDetails" time="2.566"/>
  <testcase classname="testScripts.LoginTest" name="verifyWhetherUserCanSuccessfullyLoginWithValidUserNameAndValidPassword" time="0.658"/>
  <testcase classname="testScripts.CartTest" name="verifyWhetherUserCanSuccessfullyCheckOut" time="1.134"/>
  <testcase classname="testScripts.CheckOutStepTwo_Test" name="verifyWhetherUserCanSuccessfullyFinishTheCheckOut" time="0.0">
    <ignored/>
  </testcase> <!-- verifyWhetherUserCanSuccessfullyFinishTheCheckOut -->
</testsuite> <!-- Test1 -->
