<?xml version="1.0" encoding="UTF-8"?>
<testng-results ignored="0" total="1" passed="1" failed="0" skipped="0">
  <reporter-output>
  </reporter-output>
  <suite started-at="2026-06-02T14:25:06 IST" name="Suite" finished-at="2026-06-02T14:25:15 IST" duration-ms="9255">
    <groups>
      <group name="smoke">
        <method signature="LoginTest.verifyWhetherUserCanSuccessfullyLoginWithValidUserNameAndValidPassword()[pri:0, instance:testScripts.LoginTest@6cd24612]" name="verifyWhetherUserCanSuccessfullyLoginWithValidUserNameAndValidPassword" class="testScripts.LoginTest"/>
      </group> <!-- smoke -->
    </groups>
    <test started-at="2026-06-02T14:25:06 IST" name="Test" finished-at="2026-06-02T14:25:15 IST" duration-ms="9255">
      <class name="testScripts.LoginTest">
        <test-method is-config="true" signature="initializeBrowser(java.lang.String)[pri:0, instance:testScripts.LoginTest@6cd24612]" started-at="2026-06-02T14:25:06 IST" name="initializeBrowser" finished-at="2026-06-02T14:25:12 IST" duration-ms="5660" status="PASS">
          <params>
            <param index="0">
              <value>
                <![CDATA[chrome]]>
              </value>
            </param>
          </params>
          <reporter-output>
          </reporter-output>
        </test-method> <!-- initializeBrowser -->
        <test-method signature="verifyWhetherUserCanSuccessfullyLoginWithValidUserNameAndValidPassword()[pri:0, instance:testScripts.LoginTest@6cd24612]" started-at="2026-06-02T14:25:12 IST" name="verifyWhetherUserCanSuccessfullyLoginWithValidUserNameAndValidPassword" finished-at="2026-06-02T14:25:14 IST" duration-ms="2395" status="PASS">
          <reporter-output>
          </reporter-output>
        </test-method> <!-- verifyWhetherUserCanSuccessfullyLoginWithValidUserNameAndValidPassword -->
        <test-method is-config="true" signature="driverClose(org.testng.ITestResult)[pri:0, instance:testScripts.LoginTest@6cd24612]" started-at="2026-06-02T14:25:14 IST" name="driverClose" finished-at="2026-06-02T14:25:15 IST" duration-ms="1115" status="PASS">
          <params>
            <param index="0">
              <value>
                <![CDATA[[TestResult name=verifyWhetherUserCanSuccessfullyLoginWithValidUserNameAndValidPassword status=SUCCESS method=LoginTest.verifyWhetherUserCanSuccessfullyLoginWithValidUserNameAndValidPassword()[pri:0, instance:testScripts.LoginTest@6cd24612] output={null}]]]>
              </value>
            </param>
          </params>
          <reporter-output>
          </reporter-output>
        </test-method> <!-- driverClose -->
      </class> <!-- testScripts.LoginTest -->
    </test> <!-- Test -->
  </suite> <!-- Suite -->
</testng-results>
